<?xml version="1.0" encoding="UTF-8"?>
<!-- Generated by org.testng.reporters.JUnitXMLReporter -->
<testsuite ignored="0" hostname="QT-INBG-LT0478" failures="0" tests="5" name="Default test" time="26.348" errors="0" timestamp="2022-06-16T13:50:42 IST">
  <testcase classname="MobileApp.Home_page" name="Home" time="7.195"/>
  <testcase classname="MobileApp.Allmobile_page" name="Search" time="2.573"/>
  <testcase classname="MobileApp.Allmobile_page" name="Order" time="5.381"/>
  <testcase classname="MobileApp.contactUs_page" name="contactUs" time="3.757"/>
  <testcase classname="MobileApp.Sigup_page" name="Sigup" time="7.39"/>
</testsuite> <!-- Default test -->
