<?xml version="1.0" encoding="UTF-8"?>
<!-- Generated by org.testng.reporters.JUnitXMLReporter -->
<testsuite ignored="0" hostname="QT-INBG-LT0478" failures="0" tests="5" name="Test" time="31.361" errors="0" timestamp="2022-06-16T19:45:34 IST">
  <testcase classname="MobileApp.Home_page" name="Home" time="10.959"/>
  <testcase classname="MobileApp.Allmobile_page" name="Search" time="2.653"/>
  <testcase classname="MobileApp.Allmobile_page" name="Order" time="5.401"/>
  <testcase classname="MobileApp.contactUs_page" name="contactUs" time="4.002"/>
  <testcase classname="MobileApp.Sigup_page" name="Sigup" time="8.295"/>
</testsuite> <!-- Test -->
