<?xml version="1.0" encoding="UTF-8"?>
<testng-results ignored="0" total="5" passed="5" failed="0" skipped="0">
  <reporter-output>
  </reporter-output>
  <suite started-at="2022-06-16T19:45:03 IST" name="Suite" finished-at="2022-06-16T19:45:34 IST" duration-ms="31361">
    <groups>
    </groups>
    <test started-at="2022-06-16T19:45:03 IST" name="Test" finished-at="2022-06-16T19:45:34 IST" duration-ms="31361">
      <class name="MobileApp.Sigup_page">
        <test-method is-config="true" signature="Appliction_Lunch()[pri:0, instance:MobileApp.Sigup_page@2892d68]" started-at="2022-06-16T19:44:46 IST" name="Appliction_Lunch" finished-at="2022-06-16T19:45:03 IST" duration-ms="16395" status="PASS">
          <reporter-output>
          </reporter-output>
        </test-method> <!-- Appliction_Lunch -->
        <test-method signature="Home()[pri:1, instance:MobileApp.Sigup_page@2892d68]" started-at="2022-06-16T19:45:03 IST" name="Home" finished-at="2022-06-16T19:45:14 IST" duration-ms="10959" status="PASS">
          <reporter-output>
          </reporter-output>
        </test-method> <!-- Home -->
        <test-method signature="Search()[pri:2, instance:MobileApp.Sigup_page@2892d68]" started-at="2022-06-16T19:45:14 IST" name="Search" finished-at="2022-06-16T19:45:16 IST" duration-ms="2653" status="PASS">
          <reporter-output>
          </reporter-output>
        </test-method> <!-- Search -->
        <test-method signature="Order()[pri:3, instance:MobileApp.Sigup_page@2892d68]" started-at="2022-06-16T19:45:16 IST" name="Order" finished-at="2022-06-16T19:45:22 IST" duration-ms="5401" status="PASS">
          <reporter-output>
          </reporter-output>
        </test-method> <!-- Order -->
        <test-method signature="contactUs()[pri:4, instance:MobileApp.Sigup_page@2892d68]" started-at="2022-06-16T19:45:22 IST" name="contactUs" finished-at="2022-06-16T19:45:26 IST" duration-ms="4002" status="PASS">
          <reporter-output>
          </reporter-output>
        </test-method> <!-- contactUs -->
        <test-method signature="Sigup()[pri:5, instance:MobileApp.Sigup_page@2892d68]" started-at="2022-06-16T19:45:26 IST" name="Sigup" finished-at="2022-06-16T19:45:34 IST" duration-ms="8295" status="PASS">
          <reporter-output>
          </reporter-output>
        </test-method> <!-- Sigup -->
        <test-method is-config="true" signature="close_Application()[pri:0, instance:MobileApp.Sigup_page@2892d68]" started-at="2022-06-16T19:45:34 IST" name="close_Application" finished-at="2022-06-16T19:45:34 IST" duration-ms="319" status="PASS">
          <reporter-output>
          </reporter-output>
        </test-method> <!-- close_Application -->
      </class> <!-- MobileApp.Sigup_page -->
    </test> <!-- Test -->
  </suite> <!-- Suite -->
</testng-results>
